<?xml version="1.0" encoding="UTF-8"?>
<!-- Generated by org.testng.reporters.JUnitReportReporter -->
<testsuite hostname="LAPTOP-O2D9PV95" failures="0" tests="3" name="BlogPostTests.APITests" time="2.170" errors="0" timestamp="2024-11-07T17:19:34 CET" skipped="0">
  <testcase classname="BlogPostTests.APITests" name="FindUser" time="1.365"/>
  <system-out/>
  <testcase classname="BlogPostTests.APITests" name="getPostsforuser" time="0.112"/>
  <system-out/>
  <testcase classname="BlogPostTests.APITests" name="getUserPostcomments" time="0.693"/>
  <system-out/>
</testsuite> <!-- BlogPostTests.APITests -->
