<?xml version="1.0" encoding="UTF-8"?>
<!-- Generated by org.testng.reporters.JUnitReportReporter -->
<testsuite hostname="LAPTOP-O2D9PV95" failures="0" tests="3" name="BlogPostTests.APITests" time="4.833" errors="0" timestamp="2024-11-07T22:00:24 CET" skipped="0">
  <testcase classname="BlogPostTests.APITests" name="findUser" time="1.394"/>
  <system-out/>
  <testcase classname="BlogPostTests.APITests" name="getPostsForUser" time="0.111"/>
  <system-out/>
  <testcase classname="BlogPostTests.APITests" name="validateUserPostCommentsEmails" time="3.328"/>
  <system-out/>
</testsuite> <!-- BlogPostTests.APITests -->
